<?xml version="1.0" encoding="UTF-8"?>
<!-- Generated by org.testng.reporters.JUnitXMLReporter -->
<testsuite ignored="0" hostname="RAMCHERRY" failures="0" tests="3" name="Default test" time="17.595" errors="0" timestamp="2025-07-19T14:22:08 IST">
  <testcase classname="seleniumFrameworkDesign.SubmitOrdersTest" name="submitOrders" time="3.27"/>
  <testcase classname="seleniumFrameworkDesign.SubmitOrdersTest" name="submitOrders" time="3.218"/>
  <testcase classname="seleniumFrameworkDesign.SubmitOrdersTest" name="OrderHistoreTest" time="0.854"/>
</testsuite> <!-- Default test -->
