<?xml version="1.0" encoding="UTF-8"?>
<!-- Generated by org.testng.reporters.JUnitXMLReporter -->
<testsuite ignored="0" hostname="RAMCHERRY" failures="0" tests="3" name="submit order test" time="20.102" errors="0" timestamp="2025-07-17T17:43:22 IST">
  <testcase classname="seleniumFrameworkDesign.SubmitOrdersTest" name="submitOrders" time="3.467"/>
  <testcase classname="seleniumFrameworkDesign.SubmitOrdersTest" name="submitOrders" time="3.457"/>
  <testcase classname="seleniumFrameworkDesign.SubmitOrdersTest" name="OrderHistoreTest" time="0.952"/>
</testsuite> <!-- submit order test -->
