<?xml version="1.0" encoding="UTF-8"?>
<!-- Generated by org.testng.reporters.JUnitXMLReporter -->
<testsuite ignored="0" hostname="RAMCHERRY" failures="0" tests="3" name="submit order test" time="22.495" errors="0" timestamp="2025-07-17T20:15:00 IST">
  <testcase classname="seleniumFrameworkDesign.SubmitOrdersTest" name="submitOrders" time="4.173"/>
  <testcase classname="seleniumFrameworkDesign.SubmitOrdersTest" name="submitOrders" time="3.974"/>
  <testcase classname="seleniumFrameworkDesign.SubmitOrdersTest" name="OrderHistoreTest" time="1.569"/>
</testsuite> <!-- submit order test -->
