<?xml version="1.0" encoding="UTF-8"?>
<testng-results ignored="0" total="3" passed="3" failed="0" skipped="0">
  <reporter-output>
  </reporter-output>
  <suite started-at="2025-07-19T14:21:50 IST" name="Default suite" finished-at="2025-07-19T14:22:08 IST" duration-ms="17595">
    <groups>
      <group name="checking">
        <method signature="SubmitOrdersTest.submitOrders(java.util.HashMap)[pri:0, instance:seleniumFrameworkDesign.SubmitOrdersTest@62ddbd7e]" name="submitOrders" class="seleniumFrameworkDesign.SubmitOrdersTest"/>
      </group> <!-- checking -->
    </groups>
    <test started-at="2025-07-19T14:21:50 IST" name="Default test" finished-at="2025-07-19T14:22:08 IST" duration-ms="17595">
      <class name="seleniumFrameworkDesign.SubmitOrdersTest">
        <test-method is-config="true" signature="launchApplication()[pri:0, instance:seleniumFrameworkDesign.SubmitOrdersTest@62ddbd7e]" started-at="2025-07-19T14:21:50 IST" name="launchApplication" finished-at="2025-07-19T14:21:54 IST" duration-ms="3982" status="PASS">
          <reporter-output>
          </reporter-output>
        </test-method> <!-- launchApplication -->
        <test-method signature="submitOrders(java.util.HashMap)[pri:0, instance:seleniumFrameworkDesign.SubmitOrdersTest@62ddbd7e]" started-at="2025-07-19T14:21:54 IST" name="submitOrders" data-provider="getData" finished-at="2025-07-19T14:21:58 IST" duration-ms="3270" status="PASS">
          <params>
            <param index="0">
              <value>
                <![CDATA[{password=Ganesh143, product=ZARA COAT 3, email=ramaganesh209@gmail.com}]]>
              </value>
            </param>
          </params>
          <reporter-output>
          </reporter-output>
        </test-method> <!-- submitOrders -->
        <test-method is-config="true" signature="closingApplication()[pri:0, instance:seleniumFrameworkDesign.SubmitOrdersTest@62ddbd7e]" started-at="2025-07-19T14:21:58 IST" name="closingApplication" finished-at="2025-07-19T14:21:58 IST" duration-ms="230" status="PASS">
          <reporter-output>
          </reporter-output>
        </test-method> <!-- closingApplication -->
        <test-method is-config="true" signature="launchApplication()[pri:0, instance:seleniumFrameworkDesign.SubmitOrdersTest@62ddbd7e]" started-at="2025-07-19T14:21:58 IST" name="launchApplication" finished-at="2025-07-19T14:22:01 IST" duration-ms="2702" status="PASS">
          <reporter-output>
          </reporter-output>
        </test-method> <!-- launchApplication -->
        <test-method signature="submitOrders(java.util.HashMap)[pri:0, instance:seleniumFrameworkDesign.SubmitOrdersTest@62ddbd7e]" started-at="2025-07-19T14:22:01 IST" name="submitOrders" data-provider="getData" finished-at="2025-07-19T14:22:04 IST" duration-ms="3218" status="PASS">
          <params>
            <param index="0">
              <value>
                <![CDATA[{password=Ganesh143, product=ADIDAS ORIGINAL, email=ramaganesh209@gmail.com}]]>
              </value>
            </param>
          </params>
          <reporter-output>
          </reporter-output>
        </test-method> <!-- submitOrders -->
        <test-method is-config="true" signature="closingApplication()[pri:0, instance:seleniumFrameworkDesign.SubmitOrdersTest@62ddbd7e]" started-at="2025-07-19T14:22:04 IST" name="closingApplication" finished-at="2025-07-19T14:22:04 IST" duration-ms="183" status="PASS">
          <reporter-output>
          </reporter-output>
        </test-method> <!-- closingApplication -->
        <test-method is-config="true" signature="launchApplication()[pri:0, instance:seleniumFrameworkDesign.SubmitOrdersTest@62ddbd7e]" started-at="2025-07-19T14:22:04 IST" name="launchApplication" finished-at="2025-07-19T14:22:06 IST" duration-ms="2558" status="PASS">
          <reporter-output>
          </reporter-output>
        </test-method> <!-- launchApplication -->
        <test-method signature="OrderHistoreTest()[pri:0, instance:seleniumFrameworkDesign.SubmitOrdersTest@62ddbd7e]" started-at="2025-07-19T14:22:06 IST" name="OrderHistoreTest" finished-at="2025-07-19T14:22:07 IST" depends-on-methods="seleniumFrameworkDesign.SubmitOrdersTest.submitOrders" duration-ms="854" status="PASS">
          <reporter-output>
          </reporter-output>
        </test-method> <!-- OrderHistoreTest -->
        <test-method is-config="true" signature="closingApplication()[pri:0, instance:seleniumFrameworkDesign.SubmitOrdersTest@62ddbd7e]" started-at="2025-07-19T14:22:07 IST" name="closingApplication" finished-at="2025-07-19T14:22:08 IST" duration-ms="167" status="PASS">
          <reporter-output>
          </reporter-output>
        </test-method> <!-- closingApplication -->
      </class> <!-- seleniumFrameworkDesign.SubmitOrdersTest -->
    </test> <!-- Default test -->
  </suite> <!-- Default suite -->
</testng-results>
